running egg_info
creating ../build/c_pubsub/c_pubsub.egg-info
writing ../build/c_pubsub/c_pubsub.egg-info/PKG-INFO
writing dependency_links to ../build/c_pubsub/c_pubsub.egg-info/dependency_links.txt
writing requirements to ../build/c_pubsub/c_pubsub.egg-info/requires.txt
writing top-level names to ../build/c_pubsub/c_pubsub.egg-info/top_level.txt
writing manifest file '../build/c_pubsub/c_pubsub.egg-info/SOURCES.txt'
reading manifest file '../build/c_pubsub/c_pubsub.egg-info/SOURCES.txt'
adding license file 'LICENSE'
writing manifest file '../build/c_pubsub/c_pubsub.egg-info/SOURCES.txt'
running build
running build_py
creating /home/jackson/ros2_ws/src/build/c_pubsub/build
creating /home/jackson/ros2_ws/src/build/c_pubsub/build/lib
creating /home/jackson/ros2_ws/src/build/c_pubsub/build/lib/c_pubsub
copying c_pubsub/__init__.py -> /home/jackson/ros2_ws/src/build/c_pubsub/build/lib/c_pubsub
running install
running install_lib
creating /home/jackson/ros2_ws/src/install/c_pubsub/lib/python3.12/site-packages/c_pubsub
copying /home/jackson/ros2_ws/src/build/c_pubsub/build/lib/c_pubsub/__init__.py -> /home/jackson/ros2_ws/src/install/c_pubsub/lib/python3.12/site-packages/c_pubsub
byte-compiling /home/jackson/ros2_ws/src/install/c_pubsub/lib/python3.12/site-packages/c_pubsub/__init__.py to __init__.cpython-312.pyc
running install_data
creating /home/jackson/ros2_ws/src/install/c_pubsub/share/ament_index
creating /home/jackson/ros2_ws/src/install/c_pubsub/share/ament_index/resource_index
creating /home/jackson/ros2_ws/src/install/c_pubsub/share/ament_index/resource_index/packages
copying resource/c_pubsub -> /home/jackson/ros2_ws/src/install/c_pubsub/share/ament_index/resource_index/packages
copying package.xml -> /home/jackson/ros2_ws/src/install/c_pubsub/share/c_pubsub
running install_egg_info
Copying ../build/c_pubsub/c_pubsub.egg-info to /home/jackson/ros2_ws/src/install/c_pubsub/lib/python3.12/site-packages/c_pubsub-0.0.0-py3.12.egg-info
running install_scripts
writing list of installed files to '/home/jackson/ros2_ws/src/build/c_pubsub/install.log'
