-- The C compiler identification is GNU 13.3.0
-- The CXX compiler identification is GNU 13.3.0
-- Detecting C compiler ABI info
-- Detecting C compiler ABI info - done
-- Check for working C compiler: /usr/bin/cc - skipped
-- Detecting C compile features
-- Detecting C compile features - done
-- Detecting CXX compiler ABI info
-- Detecting CXX compiler ABI info - done
-- Check for working CXX compiler: /usr/bin/c++ - skipped
-- Detecting CXX compile features
-- Detecting CXX compile features - done
-- Found ament_cmake: 2.5.4 (/opt/ros/jazzy/share/ament_cmake/cmake)
-- Found Python3: /usr/bin/python3 (found version "3.12.3") found components: Interpreter 
-- Found ament_lint_auto: 0.17.3 (/opt/ros/jazzy/share/ament_lint_auto/cmake)
-- Added test 'cppcheck' to perform static code analysis on C / C++ code
-- Configured cppcheck include dirs: $<BUILD_INTERFACE:/home/jackson/ros2_ws/src/jpnewell_package/include>
-- Configured cppcheck exclude dirs and/or files: 
-- Added test 'lint_cmake' to check CMake code style
-- Added test 'uncrustify' to check C / C++ code style
-- Configured uncrustify additional arguments: 
-- Added test 'xmllint' to check XML markup files
-- Configuring done (2.3s)
-- Generating done (0.0s)
-- Build files have been written to: /home/jackson/ros2_ws/src/build/jpnewell_package
[ 50%] [32mBuilding CXX object CMakeFiles/jpnewell_node.dir/src/jpnewell_node.cpp.o[0m
[100%] [32m[1mLinking CXX executable jpnewell_node[0m
[100%] Built target jpnewell_node
-- Install configuration: ""
-- Installing: /home/jackson/ros2_ws/src/install/jpnewell_package/lib/jpnewell_package/jpnewell_node
-- Installing: /home/jackson/ros2_ws/src/install/jpnewell_package/share/ament_index/resource_index/package_run_dependencies/jpnewell_package
-- Installing: /home/jackson/ros2_ws/src/install/jpnewell_package/share/ament_index/resource_index/parent_prefix_path/jpnewell_package
-- Installing: /home/jackson/ros2_ws/src/install/jpnewell_package/share/jpnewell_package/environment/ament_prefix_path.sh
-- Installing: /home/jackson/ros2_ws/src/install/jpnewell_package/share/jpnewell_package/environment/ament_prefix_path.dsv
-- Installing: /home/jackson/ros2_ws/src/install/jpnewell_package/share/jpnewell_package/environment/path.sh
-- Installing: /home/jackson/ros2_ws/src/install/jpnewell_package/share/jpnewell_package/environment/path.dsv
-- Installing: /home/jackson/ros2_ws/src/install/jpnewell_package/share/jpnewell_package/local_setup.bash
-- Installing: /home/jackson/ros2_ws/src/install/jpnewell_package/share/jpnewell_package/local_setup.sh
-- Installing: /home/jackson/ros2_ws/src/install/jpnewell_package/share/jpnewell_package/local_setup.zsh
-- Installing: /home/jackson/ros2_ws/src/install/jpnewell_package/share/jpnewell_package/local_setup.dsv
-- Installing: /home/jackson/ros2_ws/src/install/jpnewell_package/share/jpnewell_package/package.dsv
-- Installing: /home/jackson/ros2_ws/src/install/jpnewell_package/share/ament_index/resource_index/packages/jpnewell_package
-- Installing: /home/jackson/ros2_ws/src/install/jpnewell_package/share/jpnewell_package/cmake/jpnewell_packageConfig.cmake
-- Installing: /home/jackson/ros2_ws/src/install/jpnewell_package/share/jpnewell_package/cmake/jpnewell_packageConfig-version.cmake
-- Installing: /home/jackson/ros2_ws/src/install/jpnewell_package/share/jpnewell_package/package.xml
