[0.286s] Invoking command in '/home/jackson/ros2_ws/src/build/examples_rclcpp_minimal_timer': CMAKE_PREFIX_PATH=${CMAKE_PREFIX_PATH}:/home/jackson/ros2_ws/install/launch_testing_examples:/home/jackson/ros2_ws/install/examples_rclpy_pointcloud_publisher:/home/jackson/ros2_ws/install/examples_rclpy_minimal_subscriber:/home/jackson/ros2_ws/install/examples_rclpy_minimal_service:/home/jackson/ros2_ws/install/examples_rclpy_minimal_publisher:/home/jackson/ros2_ws/install/examples_rclpy_minimal_client:/home/jackson/ros2_ws/install/examples_rclpy_minimal_action_server:/home/jackson/ros2_ws/install/examples_rclpy_minimal_action_client:/home/jackson/ros2_ws/install/examples_rclpy_guard_conditions:/home/jackson/ros2_ws/install/examples_rclpy_executors:/opt/ros/jazzy DEBUGINFOD_URLS=https://debuginfod.ubuntu.com /usr/bin/cmake /home/jackson/ros2_ws/src/examples/rclcpp/timers/minimal_timer -DCMAKE_INSTALL_PREFIX=/home/jackson/ros2_ws/src/install/examples_rclcpp_minimal_timer
[1.501s] -- The C compiler identification is GNU 13.3.0
[1.501s] -- The CXX compiler identification is GNU 13.3.0
[1.501s] -- Detecting C compiler ABI info
[1.501s] -- Detecting C compiler ABI info - done
[1.501s] -- Check for working C compiler: /usr/bin/cc - skipped
[1.501s] -- Detecting C compile features
[1.501s] -- Detecting C compile features - done
[1.501s] -- Detecting CXX compiler ABI info
[1.501s] -- Detecting CXX compiler ABI info - done
[1.501s] -- Check for working CXX compiler: /usr/bin/c++ - skipped
[1.501s] -- Detecting CXX compile features
[1.501s] -- Detecting CXX compile features - done
[1.501s] -- Found ament_cmake: 2.5.4 (/opt/ros/jazzy/share/ament_cmake/cmake)
[1.501s] -- Found Python3: /usr/bin/python3 (found version "3.12.3") found components: Interpreter 
[1.501s] -- Found rclcpp: 28.1.13 (/opt/ros/jazzy/share/rclcpp/cmake)
[1.501s] -- Found rosidl_generator_c: 4.6.6 (/opt/ros/jazzy/share/rosidl_generator_c/cmake)
[1.501s] -- Found rosidl_generator_cpp: 4.6.6 (/opt/ros/jazzy/share/rosidl_generator_cpp/cmake)
[1.501s] -- Using all available rosidl_typesupport_c: rosidl_typesupport_fastrtps_c;rosidl_typesupport_introspection_c
[1.501s] -- Using all available rosidl_typesupport_cpp: rosidl_typesupport_fastrtps_cpp;rosidl_typesupport_introspection_cpp
[1.501s] -- Found rmw_implementation_cmake: 7.3.2 (/opt/ros/jazzy/share/rmw_implementation_cmake/cmake)
[1.501s] -- Found rmw_fastrtps_cpp: 8.4.3 (/opt/ros/jazzy/share/rmw_fastrtps_cpp/cmake)
[1.502s] -- Found OpenSSL: /usr/lib/x86_64-linux-gnu/libcrypto.so (found version "3.0.13")  
[1.502s] -- Found FastRTPS: /opt/ros/jazzy/include (Required is at least version "2.13") 
[1.502s] -- Using RMW implementation 'rmw_fastrtps_cpp' as default
[1.502s] -- Found ament_lint_auto: 0.17.3 (/opt/ros/jazzy/share/ament_lint_auto/cmake)
[1.502s] -- Added test 'copyright' to check source files copyright and LICENSE
[1.502s] -- Added test 'cppcheck' to perform static code analysis on C / C++ code
[1.502s] -- Configured cppcheck include dirs: 
[1.502s] -- Configured cppcheck exclude dirs and/or files: 
[1.502s] -- Added test 'cpplint' to check C / C++ code against the Google style
[1.502s] -- Configured cpplint exclude dirs and/or files: 
[1.502s] -- Added test 'lint_cmake' to check CMake code style
[1.502s] -- Added test 'uncrustify' to check C / C++ code style
[1.502s] -- Configured uncrustify additional arguments: 
[1.502s] -- Added test 'xmllint' to check XML markup files
[1.502s] -- Configuring done (1.1s)
[1.502s] -- Generating done (0.0s)
[1.502s] -- Build files have been written to: /home/jackson/ros2_ws/src/build/examples_rclcpp_minimal_timer
[1.512s] Invoked command in '/home/jackson/ros2_ws/src/build/examples_rclcpp_minimal_timer' returned '0': CMAKE_PREFIX_PATH=${CMAKE_PREFIX_PATH}:/home/jackson/ros2_ws/install/launch_testing_examples:/home/jackson/ros2_ws/install/examples_rclpy_pointcloud_publisher:/home/jackson/ros2_ws/install/examples_rclpy_minimal_subscriber:/home/jackson/ros2_ws/install/examples_rclpy_minimal_service:/home/jackson/ros2_ws/install/examples_rclpy_minimal_publisher:/home/jackson/ros2_ws/install/examples_rclpy_minimal_client:/home/jackson/ros2_ws/install/examples_rclpy_minimal_action_server:/home/jackson/ros2_ws/install/examples_rclpy_minimal_action_client:/home/jackson/ros2_ws/install/examples_rclpy_guard_conditions:/home/jackson/ros2_ws/install/examples_rclpy_executors:/opt/ros/jazzy DEBUGINFOD_URLS=https://debuginfod.ubuntu.com /usr/bin/cmake /home/jackson/ros2_ws/src/examples/rclcpp/timers/minimal_timer -DCMAKE_INSTALL_PREFIX=/home/jackson/ros2_ws/src/install/examples_rclcpp_minimal_timer
[1.513s] Invoking command in '/home/jackson/ros2_ws/src/build/examples_rclcpp_minimal_timer': CMAKE_PREFIX_PATH=${CMAKE_PREFIX_PATH}:/home/jackson/ros2_ws/install/launch_testing_examples:/home/jackson/ros2_ws/install/examples_rclpy_pointcloud_publisher:/home/jackson/ros2_ws/install/examples_rclpy_minimal_subscriber:/home/jackson/ros2_ws/install/examples_rclpy_minimal_service:/home/jackson/ros2_ws/install/examples_rclpy_minimal_publisher:/home/jackson/ros2_ws/install/examples_rclpy_minimal_client:/home/jackson/ros2_ws/install/examples_rclpy_minimal_action_server:/home/jackson/ros2_ws/install/examples_rclpy_minimal_action_client:/home/jackson/ros2_ws/install/examples_rclpy_guard_conditions:/home/jackson/ros2_ws/install/examples_rclpy_executors:/opt/ros/jazzy DEBUGINFOD_URLS=https://debuginfod.ubuntu.com /usr/bin/cmake --build /home/jackson/ros2_ws/src/build/examples_rclcpp_minimal_timer -- -j20 -l20
[1.557s] [ 25%] [32mBuilding CXX object CMakeFiles/timer_member_function.dir/member_function.cpp.o[0m
[1.562s] [ 50%] [32mBuilding CXX object CMakeFiles/timer_lambda.dir/lambda.cpp.o[0m
[11.621s] [ 75%] [32m[1mLinking CXX executable timer_lambda[0m
[11.871s] [ 75%] Built target timer_lambda
[14.380s] [100%] [32m[1mLinking CXX executable timer_member_function[0m
[14.760s] [100%] Built target timer_member_function
[14.811s] Invoked command in '/home/jackson/ros2_ws/src/build/examples_rclcpp_minimal_timer' returned '0': CMAKE_PREFIX_PATH=${CMAKE_PREFIX_PATH}:/home/jackson/ros2_ws/install/launch_testing_examples:/home/jackson/ros2_ws/install/examples_rclpy_pointcloud_publisher:/home/jackson/ros2_ws/install/examples_rclpy_minimal_subscriber:/home/jackson/ros2_ws/install/examples_rclpy_minimal_service:/home/jackson/ros2_ws/install/examples_rclpy_minimal_publisher:/home/jackson/ros2_ws/install/examples_rclpy_minimal_client:/home/jackson/ros2_ws/install/examples_rclpy_minimal_action_server:/home/jackson/ros2_ws/install/examples_rclpy_minimal_action_client:/home/jackson/ros2_ws/install/examples_rclpy_guard_conditions:/home/jackson/ros2_ws/install/examples_rclpy_executors:/opt/ros/jazzy DEBUGINFOD_URLS=https://debuginfod.ubuntu.com /usr/bin/cmake --build /home/jackson/ros2_ws/src/build/examples_rclcpp_minimal_timer -- -j20 -l20
[14.812s] Invoking command in '/home/jackson/ros2_ws/src/build/examples_rclcpp_minimal_timer': CMAKE_PREFIX_PATH=${CMAKE_PREFIX_PATH}:/home/jackson/ros2_ws/install/launch_testing_examples:/home/jackson/ros2_ws/install/examples_rclpy_pointcloud_publisher:/home/jackson/ros2_ws/install/examples_rclpy_minimal_subscriber:/home/jackson/ros2_ws/install/examples_rclpy_minimal_service:/home/jackson/ros2_ws/install/examples_rclpy_minimal_publisher:/home/jackson/ros2_ws/install/examples_rclpy_minimal_client:/home/jackson/ros2_ws/install/examples_rclpy_minimal_action_server:/home/jackson/ros2_ws/install/examples_rclpy_minimal_action_client:/home/jackson/ros2_ws/install/examples_rclpy_guard_conditions:/home/jackson/ros2_ws/install/examples_rclpy_executors:/opt/ros/jazzy DEBUGINFOD_URLS=https://debuginfod.ubuntu.com /usr/bin/cmake --install /home/jackson/ros2_ws/src/build/examples_rclcpp_minimal_timer
[14.828s] -- Install configuration: ""
[14.829s] -- Installing: /home/jackson/ros2_ws/src/install/examples_rclcpp_minimal_timer/lib/examples_rclcpp_minimal_timer/timer_lambda
[14.832s] -- Set non-toolchain portion of runtime path of "/home/jackson/ros2_ws/src/install/examples_rclcpp_minimal_timer/lib/examples_rclcpp_minimal_timer/timer_lambda" to ""
[14.833s] -- Installing: /home/jackson/ros2_ws/src/install/examples_rclcpp_minimal_timer/lib/examples_rclcpp_minimal_timer/timer_member_function
[14.834s] -- Set non-toolchain portion of runtime path of "/home/jackson/ros2_ws/src/install/examples_rclcpp_minimal_timer/lib/examples_rclcpp_minimal_timer/timer_member_function" to ""
[14.834s] -- Installing: /home/jackson/ros2_ws/src/install/examples_rclcpp_minimal_timer/share/ament_index/resource_index/package_run_dependencies/examples_rclcpp_minimal_timer
[14.834s] -- Installing: /home/jackson/ros2_ws/src/install/examples_rclcpp_minimal_timer/share/ament_index/resource_index/parent_prefix_path/examples_rclcpp_minimal_timer
[14.835s] -- Installing: /home/jackson/ros2_ws/src/install/examples_rclcpp_minimal_timer/share/examples_rclcpp_minimal_timer/environment/ament_prefix_path.sh
[14.843s] -- Installing: /home/jackson/ros2_ws/src/install/examples_rclcpp_minimal_timer/share/examples_rclcpp_minimal_timer/environment/ament_prefix_path.dsv
[14.843s] -- Installing: /home/jackson/ros2_ws/src/install/examples_rclcpp_minimal_timer/share/examples_rclcpp_minimal_timer/environment/path.sh
[14.843s] -- Installing: /home/jackson/ros2_ws/src/install/examples_rclcpp_minimal_timer/share/examples_rclcpp_minimal_timer/environment/path.dsv
[14.843s] -- Installing: /home/jackson/ros2_ws/src/install/examples_rclcpp_minimal_timer/share/examples_rclcpp_minimal_timer/local_setup.bash
[14.843s] -- Installing: /home/jackson/ros2_ws/src/install/examples_rclcpp_minimal_timer/share/examples_rclcpp_minimal_timer/local_setup.sh
[14.844s] -- Installing: /home/jackson/ros2_ws/src/install/examples_rclcpp_minimal_timer/share/examples_rclcpp_minimal_timer/local_setup.zsh
[14.844s] -- Installing: /home/jackson/ros2_ws/src/install/examples_rclcpp_minimal_timer/share/examples_rclcpp_minimal_timer/local_setup.dsv
[14.844s] -- Installing: /home/jackson/ros2_ws/src/install/examples_rclcpp_minimal_timer/share/examples_rclcpp_minimal_timer/package.dsv
[14.844s] -- Installing: /home/jackson/ros2_ws/src/install/examples_rclcpp_minimal_timer/share/ament_index/resource_index/packages/examples_rclcpp_minimal_timer
[14.844s] -- Installing: /home/jackson/ros2_ws/src/install/examples_rclcpp_minimal_timer/share/examples_rclcpp_minimal_timer/cmake/examples_rclcpp_minimal_timerConfig.cmake
[14.844s] -- Installing: /home/jackson/ros2_ws/src/install/examples_rclcpp_minimal_timer/share/examples_rclcpp_minimal_timer/cmake/examples_rclcpp_minimal_timerConfig-version.cmake
[14.844s] -- Installing: /home/jackson/ros2_ws/src/install/examples_rclcpp_minimal_timer/share/examples_rclcpp_minimal_timer/package.xml
[14.862s] Invoked command in '/home/jackson/ros2_ws/src/build/examples_rclcpp_minimal_timer' returned '0': CMAKE_PREFIX_PATH=${CMAKE_PREFIX_PATH}:/home/jackson/ros2_ws/install/launch_testing_examples:/home/jackson/ros2_ws/install/examples_rclpy_pointcloud_publisher:/home/jackson/ros2_ws/install/examples_rclpy_minimal_subscriber:/home/jackson/ros2_ws/install/examples_rclpy_minimal_service:/home/jackson/ros2_ws/install/examples_rclpy_minimal_publisher:/home/jackson/ros2_ws/install/examples_rclpy_minimal_client:/home/jackson/ros2_ws/install/examples_rclpy_minimal_action_server:/home/jackson/ros2_ws/install/examples_rclpy_minimal_action_client:/home/jackson/ros2_ws/install/examples_rclpy_guard_conditions:/home/jackson/ros2_ws/install/examples_rclpy_executors:/opt/ros/jazzy DEBUGINFOD_URLS=https://debuginfod.ubuntu.com /usr/bin/cmake --install /home/jackson/ros2_ws/src/build/examples_rclcpp_minimal_timer
