[3.712s] Invoking command in '/home/jackson/ros2_ws/src/examples/rclpy/guard_conditions': DEBUGINFOD_URLS=https://debuginfod.ubuntu.com PYTHONPATH=/home/jackson/ros2_ws/src/build/examples_rclpy_guard_conditions/prefix_override:/usr/lib/python3/dist-packages/colcon_core/task/python/colcon_distutils_commands:/home/jackson/ros2_ws/src/install/examples_rclpy_guard_conditions/lib/python3.12/site-packages:${PYTHONPATH} /usr/bin/python3 -W ignore:setup.py install is deprecated -W ignore:easy_install command is deprecated setup.py egg_info --egg-base ../../../build/examples_rclpy_guard_conditions build --build-base /home/jackson/ros2_ws/src/build/examples_rclpy_guard_conditions/build install --record /home/jackson/ros2_ws/src/build/examples_rclpy_guard_conditions/install.log --single-version-externally-managed install_data
[11.557s] running egg_info
[11.561s] creating ../../../build/examples_rclpy_guard_conditions/examples_rclpy_guard_conditions.egg-info
[11.561s] writing ../../../build/examples_rclpy_guard_conditions/examples_rclpy_guard_conditions.egg-info/PKG-INFO
[11.562s] writing dependency_links to ../../../build/examples_rclpy_guard_conditions/examples_rclpy_guard_conditions.egg-info/dependency_links.txt
[11.562s] writing entry points to ../../../build/examples_rclpy_guard_conditions/examples_rclpy_guard_conditions.egg-info/entry_points.txt
[11.562s] writing requirements to ../../../build/examples_rclpy_guard_conditions/examples_rclpy_guard_conditions.egg-info/requires.txt
[11.562s] writing top-level names to ../../../build/examples_rclpy_guard_conditions/examples_rclpy_guard_conditions.egg-info/top_level.txt
[11.562s] writing manifest file '../../../build/examples_rclpy_guard_conditions/examples_rclpy_guard_conditions.egg-info/SOURCES.txt'
[11.562s] reading manifest file '../../../build/examples_rclpy_guard_conditions/examples_rclpy_guard_conditions.egg-info/SOURCES.txt'
[11.562s] writing manifest file '../../../build/examples_rclpy_guard_conditions/examples_rclpy_guard_conditions.egg-info/SOURCES.txt'
[11.562s] running build
[11.562s] running build_py
[11.562s] creating /home/jackson/ros2_ws/src/build/examples_rclpy_guard_conditions/build
[11.562s] creating /home/jackson/ros2_ws/src/build/examples_rclpy_guard_conditions/build/lib
[11.563s] creating /home/jackson/ros2_ws/src/build/examples_rclpy_guard_conditions/build/lib/examples_rclpy_guard_conditions
[11.563s] copying examples_rclpy_guard_conditions/trigger_guard_condition.py -> /home/jackson/ros2_ws/src/build/examples_rclpy_guard_conditions/build/lib/examples_rclpy_guard_conditions
[11.563s] copying examples_rclpy_guard_conditions/__init__.py -> /home/jackson/ros2_ws/src/build/examples_rclpy_guard_conditions/build/lib/examples_rclpy_guard_conditions
[11.563s] running install
[11.563s] running install_lib
[11.563s] creating /home/jackson/ros2_ws/src/install/examples_rclpy_guard_conditions/lib/python3.12/site-packages/examples_rclpy_guard_conditions
[11.563s] copying /home/jackson/ros2_ws/src/build/examples_rclpy_guard_conditions/build/lib/examples_rclpy_guard_conditions/trigger_guard_condition.py -> /home/jackson/ros2_ws/src/install/examples_rclpy_guard_conditions/lib/python3.12/site-packages/examples_rclpy_guard_conditions
[11.563s] copying /home/jackson/ros2_ws/src/build/examples_rclpy_guard_conditions/build/lib/examples_rclpy_guard_conditions/__init__.py -> /home/jackson/ros2_ws/src/install/examples_rclpy_guard_conditions/lib/python3.12/site-packages/examples_rclpy_guard_conditions
[11.563s] byte-compiling /home/jackson/ros2_ws/src/install/examples_rclpy_guard_conditions/lib/python3.12/site-packages/examples_rclpy_guard_conditions/trigger_guard_condition.py to trigger_guard_condition.cpython-312.pyc
[11.563s] byte-compiling /home/jackson/ros2_ws/src/install/examples_rclpy_guard_conditions/lib/python3.12/site-packages/examples_rclpy_guard_conditions/__init__.py to __init__.cpython-312.pyc
[11.563s] running install_data
[11.564s] creating /home/jackson/ros2_ws/src/install/examples_rclpy_guard_conditions/share/ament_index
[11.564s] creating /home/jackson/ros2_ws/src/install/examples_rclpy_guard_conditions/share/ament_index/resource_index
[11.564s] creating /home/jackson/ros2_ws/src/install/examples_rclpy_guard_conditions/share/ament_index/resource_index/packages
[11.564s] copying resource/examples_rclpy_guard_conditions -> /home/jackson/ros2_ws/src/install/examples_rclpy_guard_conditions/share/ament_index/resource_index/packages
[11.564s] copying package.xml -> /home/jackson/ros2_ws/src/install/examples_rclpy_guard_conditions/share/examples_rclpy_guard_conditions
[11.564s] running install_egg_info
[11.564s] Copying ../../../build/examples_rclpy_guard_conditions/examples_rclpy_guard_conditions.egg-info to /home/jackson/ros2_ws/src/install/examples_rclpy_guard_conditions/lib/python3.12/site-packages/examples_rclpy_guard_conditions-0.19.7-py3.12.egg-info
[11.564s] running install_scripts
[11.564s] Installing trigger_guard_condition script to /home/jackson/ros2_ws/src/install/examples_rclpy_guard_conditions/lib/examples_rclpy_guard_conditions
[11.564s] writing list of installed files to '/home/jackson/ros2_ws/src/build/examples_rclpy_guard_conditions/install.log'
[11.647s] Invoked command in '/home/jackson/ros2_ws/src/examples/rclpy/guard_conditions' returned '0': DEBUGINFOD_URLS=https://debuginfod.ubuntu.com PYTHONPATH=/home/jackson/ros2_ws/src/build/examples_rclpy_guard_conditions/prefix_override:/usr/lib/python3/dist-packages/colcon_core/task/python/colcon_distutils_commands:/home/jackson/ros2_ws/src/install/examples_rclpy_guard_conditions/lib/python3.12/site-packages:${PYTHONPATH} /usr/bin/python3 -W ignore:setup.py install is deprecated -W ignore:easy_install command is deprecated setup.py egg_info --egg-base ../../../build/examples_rclpy_guard_conditions build --build-base /home/jackson/ros2_ws/src/build/examples_rclpy_guard_conditions/build install --record /home/jackson/ros2_ws/src/build/examples_rclpy_guard_conditions/install.log --single-version-externally-managed install_data
