[2.645s] Invoking command in '/home/jackson/ros2_ws/src/examples/rclpy/executors': DEBUGINFOD_URLS=https://debuginfod.ubuntu.com PYTHONPATH=/home/jackson/ros2_ws/src/build/examples_rclpy_executors/prefix_override:/usr/lib/python3/dist-packages/colcon_core/task/python/colcon_distutils_commands:/home/jackson/ros2_ws/src/install/examples_rclpy_executors/lib/python3.12/site-packages:${PYTHONPATH} /usr/bin/python3 -W ignore:setup.py install is deprecated -W ignore:easy_install command is deprecated setup.py egg_info --egg-base ../../../build/examples_rclpy_executors build --build-base /home/jackson/ros2_ws/src/build/examples_rclpy_executors/build install --record /home/jackson/ros2_ws/src/build/examples_rclpy_executors/install.log --single-version-externally-managed install_data
[11.529s] running egg_info
[11.529s] creating ../../../build/examples_rclpy_executors/examples_rclpy_executors.egg-info
[11.530s] writing ../../../build/examples_rclpy_executors/examples_rclpy_executors.egg-info/PKG-INFO
[11.530s] writing dependency_links to ../../../build/examples_rclpy_executors/examples_rclpy_executors.egg-info/dependency_links.txt
[11.530s] writing entry points to ../../../build/examples_rclpy_executors/examples_rclpy_executors.egg-info/entry_points.txt
[11.530s] writing requirements to ../../../build/examples_rclpy_executors/examples_rclpy_executors.egg-info/requires.txt
[11.530s] writing top-level names to ../../../build/examples_rclpy_executors/examples_rclpy_executors.egg-info/top_level.txt
[11.530s] writing manifest file '../../../build/examples_rclpy_executors/examples_rclpy_executors.egg-info/SOURCES.txt'
[11.530s] reading manifest file '../../../build/examples_rclpy_executors/examples_rclpy_executors.egg-info/SOURCES.txt'
[11.530s] writing manifest file '../../../build/examples_rclpy_executors/examples_rclpy_executors.egg-info/SOURCES.txt'
[11.530s] running build
[11.530s] running build_py
[11.531s] creating /home/jackson/ros2_ws/src/build/examples_rclpy_executors/build
[11.531s] creating /home/jackson/ros2_ws/src/build/examples_rclpy_executors/build/lib
[11.531s] creating /home/jackson/ros2_ws/src/build/examples_rclpy_executors/build/lib/examples_rclpy_executors
[11.531s] copying examples_rclpy_executors/composed.py -> /home/jackson/ros2_ws/src/build/examples_rclpy_executors/build/lib/examples_rclpy_executors
[11.531s] copying examples_rclpy_executors/talker.py -> /home/jackson/ros2_ws/src/build/examples_rclpy_executors/build/lib/examples_rclpy_executors
[11.531s] copying examples_rclpy_executors/custom_executor.py -> /home/jackson/ros2_ws/src/build/examples_rclpy_executors/build/lib/examples_rclpy_executors
[11.531s] copying examples_rclpy_executors/callback_group.py -> /home/jackson/ros2_ws/src/build/examples_rclpy_executors/build/lib/examples_rclpy_executors
[11.531s] copying examples_rclpy_executors/custom_callback_group.py -> /home/jackson/ros2_ws/src/build/examples_rclpy_executors/build/lib/examples_rclpy_executors
[11.531s] copying examples_rclpy_executors/__init__.py -> /home/jackson/ros2_ws/src/build/examples_rclpy_executors/build/lib/examples_rclpy_executors
[11.531s] copying examples_rclpy_executors/listener.py -> /home/jackson/ros2_ws/src/build/examples_rclpy_executors/build/lib/examples_rclpy_executors
[11.531s] running install
[11.531s] running install_lib
[11.532s] creating /home/jackson/ros2_ws/src/install/examples_rclpy_executors/lib/python3.12/site-packages/examples_rclpy_executors
[11.532s] copying /home/jackson/ros2_ws/src/build/examples_rclpy_executors/build/lib/examples_rclpy_executors/composed.py -> /home/jackson/ros2_ws/src/install/examples_rclpy_executors/lib/python3.12/site-packages/examples_rclpy_executors
[11.532s] copying /home/jackson/ros2_ws/src/build/examples_rclpy_executors/build/lib/examples_rclpy_executors/talker.py -> /home/jackson/ros2_ws/src/install/examples_rclpy_executors/lib/python3.12/site-packages/examples_rclpy_executors
[11.532s] copying /home/jackson/ros2_ws/src/build/examples_rclpy_executors/build/lib/examples_rclpy_executors/custom_executor.py -> /home/jackson/ros2_ws/src/install/examples_rclpy_executors/lib/python3.12/site-packages/examples_rclpy_executors
[11.532s] copying /home/jackson/ros2_ws/src/build/examples_rclpy_executors/build/lib/examples_rclpy_executors/callback_group.py -> /home/jackson/ros2_ws/src/install/examples_rclpy_executors/lib/python3.12/site-packages/examples_rclpy_executors
[11.532s] copying /home/jackson/ros2_ws/src/build/examples_rclpy_executors/build/lib/examples_rclpy_executors/custom_callback_group.py -> /home/jackson/ros2_ws/src/install/examples_rclpy_executors/lib/python3.12/site-packages/examples_rclpy_executors
[11.532s] copying /home/jackson/ros2_ws/src/build/examples_rclpy_executors/build/lib/examples_rclpy_executors/__init__.py -> /home/jackson/ros2_ws/src/install/examples_rclpy_executors/lib/python3.12/site-packages/examples_rclpy_executors
[11.532s] copying /home/jackson/ros2_ws/src/build/examples_rclpy_executors/build/lib/examples_rclpy_executors/listener.py -> /home/jackson/ros2_ws/src/install/examples_rclpy_executors/lib/python3.12/site-packages/examples_rclpy_executors
[11.539s] byte-compiling /home/jackson/ros2_ws/src/install/examples_rclpy_executors/lib/python3.12/site-packages/examples_rclpy_executors/composed.py to composed.cpython-312.pyc
[11.539s] byte-compiling /home/jackson/ros2_ws/src/install/examples_rclpy_executors/lib/python3.12/site-packages/examples_rclpy_executors/talker.py to talker.cpython-312.pyc
[11.539s] byte-compiling /home/jackson/ros2_ws/src/install/examples_rclpy_executors/lib/python3.12/site-packages/examples_rclpy_executors/custom_executor.py to custom_executor.cpython-312.pyc
[11.539s] byte-compiling /home/jackson/ros2_ws/src/install/examples_rclpy_executors/lib/python3.12/site-packages/examples_rclpy_executors/callback_group.py to callback_group.cpython-312.pyc
[11.539s] byte-compiling /home/jackson/ros2_ws/src/install/examples_rclpy_executors/lib/python3.12/site-packages/examples_rclpy_executors/custom_callback_group.py to custom_callback_group.cpython-312.pyc
[11.539s] byte-compiling /home/jackson/ros2_ws/src/install/examples_rclpy_executors/lib/python3.12/site-packages/examples_rclpy_executors/__init__.py to __init__.cpython-312.pyc
[11.539s] byte-compiling /home/jackson/ros2_ws/src/install/examples_rclpy_executors/lib/python3.12/site-packages/examples_rclpy_executors/listener.py to listener.cpython-312.pyc
[11.539s] running install_data
[11.539s] creating /home/jackson/ros2_ws/src/install/examples_rclpy_executors/share/ament_index
[11.539s] creating /home/jackson/ros2_ws/src/install/examples_rclpy_executors/share/ament_index/resource_index
[11.540s] creating /home/jackson/ros2_ws/src/install/examples_rclpy_executors/share/ament_index/resource_index/packages
[11.540s] copying resource/examples_rclpy_executors -> /home/jackson/ros2_ws/src/install/examples_rclpy_executors/share/ament_index/resource_index/packages
[11.540s] copying package.xml -> /home/jackson/ros2_ws/src/install/examples_rclpy_executors/share/examples_rclpy_executors
[11.540s] running install_egg_info
[11.540s] Copying ../../../build/examples_rclpy_executors/examples_rclpy_executors.egg-info to /home/jackson/ros2_ws/src/install/examples_rclpy_executors/lib/python3.12/site-packages/examples_rclpy_executors-0.19.7-py3.12.egg-info
[11.540s] running install_scripts
[11.540s] Installing callback_group script to /home/jackson/ros2_ws/src/install/examples_rclpy_executors/lib/examples_rclpy_executors
[11.540s] Installing composed script to /home/jackson/ros2_ws/src/install/examples_rclpy_executors/lib/examples_rclpy_executors
[11.540s] Installing custom_callback_group script to /home/jackson/ros2_ws/src/install/examples_rclpy_executors/lib/examples_rclpy_executors
[11.540s] Installing custom_executor script to /home/jackson/ros2_ws/src/install/examples_rclpy_executors/lib/examples_rclpy_executors
[11.540s] Installing listener script to /home/jackson/ros2_ws/src/install/examples_rclpy_executors/lib/examples_rclpy_executors
[11.540s] Installing talker script to /home/jackson/ros2_ws/src/install/examples_rclpy_executors/lib/examples_rclpy_executors
[11.541s] writing list of installed files to '/home/jackson/ros2_ws/src/build/examples_rclpy_executors/install.log'
[11.596s] Invoked command in '/home/jackson/ros2_ws/src/examples/rclpy/executors' returned '0': DEBUGINFOD_URLS=https://debuginfod.ubuntu.com PYTHONPATH=/home/jackson/ros2_ws/src/build/examples_rclpy_executors/prefix_override:/usr/lib/python3/dist-packages/colcon_core/task/python/colcon_distutils_commands:/home/jackson/ros2_ws/src/install/examples_rclpy_executors/lib/python3.12/site-packages:${PYTHONPATH} /usr/bin/python3 -W ignore:setup.py install is deprecated -W ignore:easy_install command is deprecated setup.py egg_info --egg-base ../../../build/examples_rclpy_executors build --build-base /home/jackson/ros2_ws/src/build/examples_rclpy_executors/build install --record /home/jackson/ros2_ws/src/build/examples_rclpy_executors/install.log --single-version-externally-managed install_data
