[4.007s] Invoking command in '/home/jackson/ros2_ws/src/examples/rclpy/services/minimal_service': DEBUGINFOD_URLS=https://debuginfod.ubuntu.com PYTHONPATH=/home/jackson/ros2_ws/src/build/examples_rclpy_minimal_service/prefix_override:/usr/lib/python3/dist-packages/colcon_core/task/python/colcon_distutils_commands:/home/jackson/ros2_ws/src/install/examples_rclpy_minimal_service/lib/python3.12/site-packages:${PYTHONPATH} /usr/bin/python3 -W ignore:setup.py install is deprecated -W ignore:easy_install command is deprecated setup.py egg_info --egg-base ../../../../build/examples_rclpy_minimal_service build --build-base /home/jackson/ros2_ws/src/build/examples_rclpy_minimal_service/build install --record /home/jackson/ros2_ws/src/build/examples_rclpy_minimal_service/install.log --single-version-externally-managed install_data
[11.536s] running egg_info
[11.536s] creating ../../../../build/examples_rclpy_minimal_service/examples_rclpy_minimal_service.egg-info
[11.536s] writing ../../../../build/examples_rclpy_minimal_service/examples_rclpy_minimal_service.egg-info/PKG-INFO
[11.536s] writing dependency_links to ../../../../build/examples_rclpy_minimal_service/examples_rclpy_minimal_service.egg-info/dependency_links.txt
[11.536s] writing entry points to ../../../../build/examples_rclpy_minimal_service/examples_rclpy_minimal_service.egg-info/entry_points.txt
[11.536s] writing requirements to ../../../../build/examples_rclpy_minimal_service/examples_rclpy_minimal_service.egg-info/requires.txt
[11.536s] writing top-level names to ../../../../build/examples_rclpy_minimal_service/examples_rclpy_minimal_service.egg-info/top_level.txt
[11.536s] writing manifest file '../../../../build/examples_rclpy_minimal_service/examples_rclpy_minimal_service.egg-info/SOURCES.txt'
[11.537s] reading manifest file '../../../../build/examples_rclpy_minimal_service/examples_rclpy_minimal_service.egg-info/SOURCES.txt'
[11.537s] writing manifest file '../../../../build/examples_rclpy_minimal_service/examples_rclpy_minimal_service.egg-info/SOURCES.txt'
[11.541s] running build
[11.541s] running build_py
[11.541s] creating /home/jackson/ros2_ws/src/build/examples_rclpy_minimal_service/build
[11.541s] creating /home/jackson/ros2_ws/src/build/examples_rclpy_minimal_service/build/lib
[11.541s] creating /home/jackson/ros2_ws/src/build/examples_rclpy_minimal_service/build/lib/examples_rclpy_minimal_service
[11.541s] copying examples_rclpy_minimal_service/service_member_function.py -> /home/jackson/ros2_ws/src/build/examples_rclpy_minimal_service/build/lib/examples_rclpy_minimal_service
[11.541s] copying examples_rclpy_minimal_service/service.py -> /home/jackson/ros2_ws/src/build/examples_rclpy_minimal_service/build/lib/examples_rclpy_minimal_service
[11.541s] copying examples_rclpy_minimal_service/__init__.py -> /home/jackson/ros2_ws/src/build/examples_rclpy_minimal_service/build/lib/examples_rclpy_minimal_service
[11.542s] running install
[11.542s] running install_lib
[11.542s] creating /home/jackson/ros2_ws/src/install/examples_rclpy_minimal_service/lib/python3.12/site-packages/examples_rclpy_minimal_service
[11.542s] copying /home/jackson/ros2_ws/src/build/examples_rclpy_minimal_service/build/lib/examples_rclpy_minimal_service/service_member_function.py -> /home/jackson/ros2_ws/src/install/examples_rclpy_minimal_service/lib/python3.12/site-packages/examples_rclpy_minimal_service
[11.542s] copying /home/jackson/ros2_ws/src/build/examples_rclpy_minimal_service/build/lib/examples_rclpy_minimal_service/service.py -> /home/jackson/ros2_ws/src/install/examples_rclpy_minimal_service/lib/python3.12/site-packages/examples_rclpy_minimal_service
[11.542s] copying /home/jackson/ros2_ws/src/build/examples_rclpy_minimal_service/build/lib/examples_rclpy_minimal_service/__init__.py -> /home/jackson/ros2_ws/src/install/examples_rclpy_minimal_service/lib/python3.12/site-packages/examples_rclpy_minimal_service
[11.542s] byte-compiling /home/jackson/ros2_ws/src/install/examples_rclpy_minimal_service/lib/python3.12/site-packages/examples_rclpy_minimal_service/service_member_function.py to service_member_function.cpython-312.pyc
[11.542s] byte-compiling /home/jackson/ros2_ws/src/install/examples_rclpy_minimal_service/lib/python3.12/site-packages/examples_rclpy_minimal_service/service.py to service.cpython-312.pyc
[11.542s] byte-compiling /home/jackson/ros2_ws/src/install/examples_rclpy_minimal_service/lib/python3.12/site-packages/examples_rclpy_minimal_service/__init__.py to __init__.cpython-312.pyc
[11.542s] running install_data
[11.542s] creating /home/jackson/ros2_ws/src/install/examples_rclpy_minimal_service/share/ament_index
[11.543s] creating /home/jackson/ros2_ws/src/install/examples_rclpy_minimal_service/share/ament_index/resource_index
[11.543s] creating /home/jackson/ros2_ws/src/install/examples_rclpy_minimal_service/share/ament_index/resource_index/packages
[11.543s] copying resource/examples_rclpy_minimal_service -> /home/jackson/ros2_ws/src/install/examples_rclpy_minimal_service/share/ament_index/resource_index/packages
[11.543s] copying package.xml -> /home/jackson/ros2_ws/src/install/examples_rclpy_minimal_service/share/examples_rclpy_minimal_service
[11.543s] running install_egg_info
[11.543s] Copying ../../../../build/examples_rclpy_minimal_service/examples_rclpy_minimal_service.egg-info to /home/jackson/ros2_ws/src/install/examples_rclpy_minimal_service/lib/python3.12/site-packages/examples_rclpy_minimal_service-0.19.7-py3.12.egg-info
[11.543s] running install_scripts
[11.543s] Installing service script to /home/jackson/ros2_ws/src/install/examples_rclpy_minimal_service/lib/examples_rclpy_minimal_service
[11.543s] Installing service_member_function script to /home/jackson/ros2_ws/src/install/examples_rclpy_minimal_service/lib/examples_rclpy_minimal_service
[11.543s] writing list of installed files to '/home/jackson/ros2_ws/src/build/examples_rclpy_minimal_service/install.log'
[11.597s] Invoked command in '/home/jackson/ros2_ws/src/examples/rclpy/services/minimal_service' returned '0': DEBUGINFOD_URLS=https://debuginfod.ubuntu.com PYTHONPATH=/home/jackson/ros2_ws/src/build/examples_rclpy_minimal_service/prefix_override:/usr/lib/python3/dist-packages/colcon_core/task/python/colcon_distutils_commands:/home/jackson/ros2_ws/src/install/examples_rclpy_minimal_service/lib/python3.12/site-packages:${PYTHONPATH} /usr/bin/python3 -W ignore:setup.py install is deprecated -W ignore:easy_install command is deprecated setup.py egg_info --egg-base ../../../../build/examples_rclpy_minimal_service build --build-base /home/jackson/ros2_ws/src/build/examples_rclpy_minimal_service/build install --record /home/jackson/ros2_ws/src/build/examples_rclpy_minimal_service/install.log --single-version-externally-managed install_data
