[3.656s] Invoking command in '/home/jackson/ros2_ws/src/examples/rclpy/services/minimal_client': DEBUGINFOD_URLS=https://debuginfod.ubuntu.com PYTHONPATH=/home/jackson/ros2_ws/src/build/examples_rclpy_minimal_client/prefix_override:/usr/lib/python3/dist-packages/colcon_core/task/python/colcon_distutils_commands:/home/jackson/ros2_ws/src/install/examples_rclpy_minimal_client/lib/python3.12/site-packages:${PYTHONPATH} /usr/bin/python3 -W ignore:setup.py install is deprecated -W ignore:easy_install command is deprecated setup.py egg_info --egg-base ../../../../build/examples_rclpy_minimal_client build --build-base /home/jackson/ros2_ws/src/build/examples_rclpy_minimal_client/build install --record /home/jackson/ros2_ws/src/build/examples_rclpy_minimal_client/install.log --single-version-externally-managed install_data
[11.532s] running egg_info
[11.532s] creating ../../../../build/examples_rclpy_minimal_client/examples_rclpy_minimal_client.egg-info
[11.532s] writing ../../../../build/examples_rclpy_minimal_client/examples_rclpy_minimal_client.egg-info/PKG-INFO
[11.532s] writing dependency_links to ../../../../build/examples_rclpy_minimal_client/examples_rclpy_minimal_client.egg-info/dependency_links.txt
[11.536s] writing entry points to ../../../../build/examples_rclpy_minimal_client/examples_rclpy_minimal_client.egg-info/entry_points.txt
[11.536s] writing requirements to ../../../../build/examples_rclpy_minimal_client/examples_rclpy_minimal_client.egg-info/requires.txt
[11.537s] writing top-level names to ../../../../build/examples_rclpy_minimal_client/examples_rclpy_minimal_client.egg-info/top_level.txt
[11.537s] writing manifest file '../../../../build/examples_rclpy_minimal_client/examples_rclpy_minimal_client.egg-info/SOURCES.txt'
[11.537s] reading manifest file '../../../../build/examples_rclpy_minimal_client/examples_rclpy_minimal_client.egg-info/SOURCES.txt'
[11.537s] writing manifest file '../../../../build/examples_rclpy_minimal_client/examples_rclpy_minimal_client.egg-info/SOURCES.txt'
[11.537s] running build
[11.537s] running build_py
[11.537s] creating /home/jackson/ros2_ws/src/build/examples_rclpy_minimal_client/build
[11.537s] creating /home/jackson/ros2_ws/src/build/examples_rclpy_minimal_client/build/lib
[11.537s] creating /home/jackson/ros2_ws/src/build/examples_rclpy_minimal_client/build/lib/examples_rclpy_minimal_client
[11.537s] copying examples_rclpy_minimal_client/client_async.py -> /home/jackson/ros2_ws/src/build/examples_rclpy_minimal_client/build/lib/examples_rclpy_minimal_client
[11.537s] copying examples_rclpy_minimal_client/client_async_callback.py -> /home/jackson/ros2_ws/src/build/examples_rclpy_minimal_client/build/lib/examples_rclpy_minimal_client
[11.538s] copying examples_rclpy_minimal_client/client.py -> /home/jackson/ros2_ws/src/build/examples_rclpy_minimal_client/build/lib/examples_rclpy_minimal_client
[11.538s] copying examples_rclpy_minimal_client/client_async_member_function.py -> /home/jackson/ros2_ws/src/build/examples_rclpy_minimal_client/build/lib/examples_rclpy_minimal_client
[11.538s] copying examples_rclpy_minimal_client/__init__.py -> /home/jackson/ros2_ws/src/build/examples_rclpy_minimal_client/build/lib/examples_rclpy_minimal_client
[11.538s] running install
[11.538s] running install_lib
[11.538s] creating /home/jackson/ros2_ws/src/install/examples_rclpy_minimal_client/lib/python3.12/site-packages/examples_rclpy_minimal_client
[11.538s] copying /home/jackson/ros2_ws/src/build/examples_rclpy_minimal_client/build/lib/examples_rclpy_minimal_client/client_async.py -> /home/jackson/ros2_ws/src/install/examples_rclpy_minimal_client/lib/python3.12/site-packages/examples_rclpy_minimal_client
[11.538s] copying /home/jackson/ros2_ws/src/build/examples_rclpy_minimal_client/build/lib/examples_rclpy_minimal_client/client_async_callback.py -> /home/jackson/ros2_ws/src/install/examples_rclpy_minimal_client/lib/python3.12/site-packages/examples_rclpy_minimal_client
[11.538s] copying /home/jackson/ros2_ws/src/build/examples_rclpy_minimal_client/build/lib/examples_rclpy_minimal_client/client.py -> /home/jackson/ros2_ws/src/install/examples_rclpy_minimal_client/lib/python3.12/site-packages/examples_rclpy_minimal_client
[11.538s] copying /home/jackson/ros2_ws/src/build/examples_rclpy_minimal_client/build/lib/examples_rclpy_minimal_client/client_async_member_function.py -> /home/jackson/ros2_ws/src/install/examples_rclpy_minimal_client/lib/python3.12/site-packages/examples_rclpy_minimal_client
[11.538s] copying /home/jackson/ros2_ws/src/build/examples_rclpy_minimal_client/build/lib/examples_rclpy_minimal_client/__init__.py -> /home/jackson/ros2_ws/src/install/examples_rclpy_minimal_client/lib/python3.12/site-packages/examples_rclpy_minimal_client
[11.538s] byte-compiling /home/jackson/ros2_ws/src/install/examples_rclpy_minimal_client/lib/python3.12/site-packages/examples_rclpy_minimal_client/client_async.py to client_async.cpython-312.pyc
[11.539s] byte-compiling /home/jackson/ros2_ws/src/install/examples_rclpy_minimal_client/lib/python3.12/site-packages/examples_rclpy_minimal_client/client_async_callback.py to client_async_callback.cpython-312.pyc
[11.539s] byte-compiling /home/jackson/ros2_ws/src/install/examples_rclpy_minimal_client/lib/python3.12/site-packages/examples_rclpy_minimal_client/client.py to client.cpython-312.pyc
[11.539s] byte-compiling /home/jackson/ros2_ws/src/install/examples_rclpy_minimal_client/lib/python3.12/site-packages/examples_rclpy_minimal_client/client_async_member_function.py to client_async_member_function.cpython-312.pyc
[11.539s] byte-compiling /home/jackson/ros2_ws/src/install/examples_rclpy_minimal_client/lib/python3.12/site-packages/examples_rclpy_minimal_client/__init__.py to __init__.cpython-312.pyc
[11.539s] running install_data
[11.539s] creating /home/jackson/ros2_ws/src/install/examples_rclpy_minimal_client/share/ament_index
[11.539s] creating /home/jackson/ros2_ws/src/install/examples_rclpy_minimal_client/share/ament_index/resource_index
[11.539s] creating /home/jackson/ros2_ws/src/install/examples_rclpy_minimal_client/share/ament_index/resource_index/packages
[11.539s] copying resource/examples_rclpy_minimal_client -> /home/jackson/ros2_ws/src/install/examples_rclpy_minimal_client/share/ament_index/resource_index/packages
[11.539s] copying package.xml -> /home/jackson/ros2_ws/src/install/examples_rclpy_minimal_client/share/examples_rclpy_minimal_client
[11.539s] running install_egg_info
[11.540s] Copying ../../../../build/examples_rclpy_minimal_client/examples_rclpy_minimal_client.egg-info to /home/jackson/ros2_ws/src/install/examples_rclpy_minimal_client/lib/python3.12/site-packages/examples_rclpy_minimal_client-0.19.7-py3.12.egg-info
[11.540s] running install_scripts
[11.540s] Installing client script to /home/jackson/ros2_ws/src/install/examples_rclpy_minimal_client/lib/examples_rclpy_minimal_client
[11.540s] Installing client_async script to /home/jackson/ros2_ws/src/install/examples_rclpy_minimal_client/lib/examples_rclpy_minimal_client
[11.540s] Installing client_async_callback script to /home/jackson/ros2_ws/src/install/examples_rclpy_minimal_client/lib/examples_rclpy_minimal_client
[11.540s] Installing client_async_member_function script to /home/jackson/ros2_ws/src/install/examples_rclpy_minimal_client/lib/examples_rclpy_minimal_client
[11.540s] writing list of installed files to '/home/jackson/ros2_ws/src/build/examples_rclpy_minimal_client/install.log'
[11.584s] Invoked command in '/home/jackson/ros2_ws/src/examples/rclpy/services/minimal_client' returned '0': DEBUGINFOD_URLS=https://debuginfod.ubuntu.com PYTHONPATH=/home/jackson/ros2_ws/src/build/examples_rclpy_minimal_client/prefix_override:/usr/lib/python3/dist-packages/colcon_core/task/python/colcon_distutils_commands:/home/jackson/ros2_ws/src/install/examples_rclpy_minimal_client/lib/python3.12/site-packages:${PYTHONPATH} /usr/bin/python3 -W ignore:setup.py install is deprecated -W ignore:easy_install command is deprecated setup.py egg_info --egg-base ../../../../build/examples_rclpy_minimal_client build --build-base /home/jackson/ros2_ws/src/build/examples_rclpy_minimal_client/build install --record /home/jackson/ros2_ws/src/build/examples_rclpy_minimal_client/install.log --single-version-externally-managed install_data
