[3.575s] Invoking command in '/home/jackson/ros2_ws/src/examples/rclpy/topics/pointcloud_publisher': DEBUGINFOD_URLS=https://debuginfod.ubuntu.com PYTHONPATH=/home/jackson/ros2_ws/src/build/examples_rclpy_pointcloud_publisher/prefix_override:/usr/lib/python3/dist-packages/colcon_core/task/python/colcon_distutils_commands:/home/jackson/ros2_ws/src/install/examples_rclpy_pointcloud_publisher/lib/python3.12/site-packages:${PYTHONPATH} /usr/bin/python3 -W ignore:setup.py install is deprecated -W ignore:easy_install command is deprecated setup.py egg_info --egg-base ../../../../build/examples_rclpy_pointcloud_publisher build --build-base /home/jackson/ros2_ws/src/build/examples_rclpy_pointcloud_publisher/build install --record /home/jackson/ros2_ws/src/build/examples_rclpy_pointcloud_publisher/install.log --single-version-externally-managed install_data
[4.357s] running egg_info
[4.357s] creating ../../../../build/examples_rclpy_pointcloud_publisher/examples_rclpy_pointcloud_publisher.egg-info
[4.382s] writing ../../../../build/examples_rclpy_pointcloud_publisher/examples_rclpy_pointcloud_publisher.egg-info/PKG-INFO
[4.382s] writing dependency_links to ../../../../build/examples_rclpy_pointcloud_publisher/examples_rclpy_pointcloud_publisher.egg-info/dependency_links.txt
[4.382s] writing entry points to ../../../../build/examples_rclpy_pointcloud_publisher/examples_rclpy_pointcloud_publisher.egg-info/entry_points.txt
[4.383s] writing requirements to ../../../../build/examples_rclpy_pointcloud_publisher/examples_rclpy_pointcloud_publisher.egg-info/requires.txt
[4.383s] writing top-level names to ../../../../build/examples_rclpy_pointcloud_publisher/examples_rclpy_pointcloud_publisher.egg-info/top_level.txt
[4.383s] writing manifest file '../../../../build/examples_rclpy_pointcloud_publisher/examples_rclpy_pointcloud_publisher.egg-info/SOURCES.txt'
[4.427s] reading manifest file '../../../../build/examples_rclpy_pointcloud_publisher/examples_rclpy_pointcloud_publisher.egg-info/SOURCES.txt'
[4.428s] writing manifest file '../../../../build/examples_rclpy_pointcloud_publisher/examples_rclpy_pointcloud_publisher.egg-info/SOURCES.txt'
[4.429s] running build
[4.429s] running build_py
[4.429s] creating /home/jackson/ros2_ws/src/build/examples_rclpy_pointcloud_publisher/build
[4.430s] creating /home/jackson/ros2_ws/src/build/examples_rclpy_pointcloud_publisher/build/lib
[4.430s] creating /home/jackson/ros2_ws/src/build/examples_rclpy_pointcloud_publisher/build/lib/examples_rclpy_pointcloud_publisher
[4.430s] copying examples_rclpy_pointcloud_publisher/pointcloud_publisher.py -> /home/jackson/ros2_ws/src/build/examples_rclpy_pointcloud_publisher/build/lib/examples_rclpy_pointcloud_publisher
[4.431s] copying examples_rclpy_pointcloud_publisher/__init__.py -> /home/jackson/ros2_ws/src/build/examples_rclpy_pointcloud_publisher/build/lib/examples_rclpy_pointcloud_publisher
[4.431s] running install
[4.445s] running install_lib
[4.474s] creating /home/jackson/ros2_ws/src/install/examples_rclpy_pointcloud_publisher/lib/python3.12/site-packages/examples_rclpy_pointcloud_publisher
[4.474s] copying /home/jackson/ros2_ws/src/build/examples_rclpy_pointcloud_publisher/build/lib/examples_rclpy_pointcloud_publisher/pointcloud_publisher.py -> /home/jackson/ros2_ws/src/install/examples_rclpy_pointcloud_publisher/lib/python3.12/site-packages/examples_rclpy_pointcloud_publisher
[4.475s] copying /home/jackson/ros2_ws/src/build/examples_rclpy_pointcloud_publisher/build/lib/examples_rclpy_pointcloud_publisher/__init__.py -> /home/jackson/ros2_ws/src/install/examples_rclpy_pointcloud_publisher/lib/python3.12/site-packages/examples_rclpy_pointcloud_publisher
[4.476s] byte-compiling /home/jackson/ros2_ws/src/install/examples_rclpy_pointcloud_publisher/lib/python3.12/site-packages/examples_rclpy_pointcloud_publisher/pointcloud_publisher.py to pointcloud_publisher.cpython-312.pyc
[4.477s] byte-compiling /home/jackson/ros2_ws/src/install/examples_rclpy_pointcloud_publisher/lib/python3.12/site-packages/examples_rclpy_pointcloud_publisher/__init__.py to __init__.cpython-312.pyc
[4.477s] running install_data
[4.478s] creating /home/jackson/ros2_ws/src/install/examples_rclpy_pointcloud_publisher/share/ament_index
[4.478s] creating /home/jackson/ros2_ws/src/install/examples_rclpy_pointcloud_publisher/share/ament_index/resource_index
[4.478s] creating /home/jackson/ros2_ws/src/install/examples_rclpy_pointcloud_publisher/share/ament_index/resource_index/packages
[4.478s] copying resource/examples_rclpy_pointcloud_publisher -> /home/jackson/ros2_ws/src/install/examples_rclpy_pointcloud_publisher/share/ament_index/resource_index/packages
[4.479s] copying package.xml -> /home/jackson/ros2_ws/src/install/examples_rclpy_pointcloud_publisher/share/examples_rclpy_pointcloud_publisher
[4.479s] running install_egg_info
[4.530s] Copying ../../../../build/examples_rclpy_pointcloud_publisher/examples_rclpy_pointcloud_publisher.egg-info to /home/jackson/ros2_ws/src/install/examples_rclpy_pointcloud_publisher/lib/python3.12/site-packages/examples_rclpy_pointcloud_publisher-0.19.7-py3.12.egg-info
[4.530s] running install_scripts
[4.940s] Installing pointcloud_publisher script to /home/jackson/ros2_ws/src/install/examples_rclpy_pointcloud_publisher/lib/examples_rclpy_pointcloud_publisher
[4.946s] writing list of installed files to '/home/jackson/ros2_ws/src/build/examples_rclpy_pointcloud_publisher/install.log'
[5.092s] Invoked command in '/home/jackson/ros2_ws/src/examples/rclpy/topics/pointcloud_publisher' returned '0': DEBUGINFOD_URLS=https://debuginfod.ubuntu.com PYTHONPATH=/home/jackson/ros2_ws/src/build/examples_rclpy_pointcloud_publisher/prefix_override:/usr/lib/python3/dist-packages/colcon_core/task/python/colcon_distutils_commands:/home/jackson/ros2_ws/src/install/examples_rclpy_pointcloud_publisher/lib/python3.12/site-packages:${PYTHONPATH} /usr/bin/python3 -W ignore:setup.py install is deprecated -W ignore:easy_install command is deprecated setup.py egg_info --egg-base ../../../../build/examples_rclpy_pointcloud_publisher build --build-base /home/jackson/ros2_ws/src/build/examples_rclpy_pointcloud_publisher/build install --record /home/jackson/ros2_ws/src/build/examples_rclpy_pointcloud_publisher/install.log --single-version-externally-managed install_data
