[0.304s] Invoking command in '/home/jackson/ros2_ws/src/build/examples_rclcpp_minimal_action_server': CMAKE_PREFIX_PATH=${CMAKE_PREFIX_PATH}:/home/jackson/ros2_ws/install/launch_testing_examples:/home/jackson/ros2_ws/install/examples_rclpy_pointcloud_publisher:/home/jackson/ros2_ws/install/examples_rclpy_minimal_subscriber:/home/jackson/ros2_ws/install/examples_rclpy_minimal_service:/home/jackson/ros2_ws/install/examples_rclpy_minimal_publisher:/home/jackson/ros2_ws/install/examples_rclpy_minimal_client:/home/jackson/ros2_ws/install/examples_rclpy_minimal_action_server:/home/jackson/ros2_ws/install/examples_rclpy_minimal_action_client:/home/jackson/ros2_ws/install/examples_rclpy_guard_conditions:/home/jackson/ros2_ws/install/examples_rclpy_executors:/opt/ros/jazzy DEBUGINFOD_URLS=https://debuginfod.ubuntu.com /usr/bin/cmake /home/jackson/ros2_ws/src/examples/rclcpp/actions/minimal_action_server -DCMAKE_INSTALL_PREFIX=/home/jackson/ros2_ws/src/install/examples_rclcpp_minimal_action_server
[1.520s] -- The C compiler identification is GNU 13.3.0
[1.521s] -- The CXX compiler identification is GNU 13.3.0
[1.521s] -- Detecting C compiler ABI info
[1.521s] -- Detecting C compiler ABI info - done
[1.521s] -- Check for working C compiler: /usr/bin/cc - skipped
[1.521s] -- Detecting C compile features
[1.521s] -- Detecting C compile features - done
[1.521s] -- Detecting CXX compiler ABI info
[1.521s] -- Detecting CXX compiler ABI info - done
[1.521s] -- Check for working CXX compiler: /usr/bin/c++ - skipped
[1.521s] -- Detecting CXX compile features
[1.521s] -- Detecting CXX compile features - done
[1.521s] -- Found ament_cmake: 2.5.4 (/opt/ros/jazzy/share/ament_cmake/cmake)
[1.521s] -- Found Python3: /usr/bin/python3 (found version "3.12.3") found components: Interpreter 
[1.521s] -- Found example_interfaces: 0.12.0 (/opt/ros/jazzy/share/example_interfaces/cmake)
[1.521s] -- Found rosidl_generator_c: 4.6.6 (/opt/ros/jazzy/share/rosidl_generator_c/cmake)
[1.521s] -- Found rosidl_generator_cpp: 4.6.6 (/opt/ros/jazzy/share/rosidl_generator_cpp/cmake)
[1.521s] -- Using all available rosidl_typesupport_c: rosidl_typesupport_fastrtps_c;rosidl_typesupport_introspection_c
[1.521s] -- Using all available rosidl_typesupport_cpp: rosidl_typesupport_fastrtps_cpp;rosidl_typesupport_introspection_cpp
[1.521s] -- Found rclcpp: 28.1.13 (/opt/ros/jazzy/share/rclcpp/cmake)
[1.521s] -- Found rmw_implementation_cmake: 7.3.2 (/opt/ros/jazzy/share/rmw_implementation_cmake/cmake)
[1.521s] -- Found rmw_fastrtps_cpp: 8.4.3 (/opt/ros/jazzy/share/rmw_fastrtps_cpp/cmake)
[1.521s] -- Found OpenSSL: /usr/lib/x86_64-linux-gnu/libcrypto.so (found version "3.0.13")  
[1.521s] -- Found FastRTPS: /opt/ros/jazzy/include (Required is at least version "2.13") 
[1.521s] -- Using RMW implementation 'rmw_fastrtps_cpp' as default
[1.521s] -- Found rclcpp_action: 28.1.13 (/opt/ros/jazzy/share/rclcpp_action/cmake)
[1.521s] -- Found ament_lint_auto: 0.17.3 (/opt/ros/jazzy/share/ament_lint_auto/cmake)
[1.521s] -- Added test 'copyright' to check source files copyright and LICENSE
[1.521s] -- Added test 'cppcheck' to perform static code analysis on C / C++ code
[1.521s] -- Configured cppcheck include dirs: 
[1.521s] -- Configured cppcheck exclude dirs and/or files: 
[1.521s] -- Added test 'cpplint' to check C / C++ code against the Google style
[1.521s] -- Configured cpplint exclude dirs and/or files: 
[1.522s] -- Added test 'lint_cmake' to check CMake code style
[1.522s] -- Added test 'uncrustify' to check C / C++ code style
[1.522s] -- Configured uncrustify additional arguments: 
[1.522s] -- Added test 'xmllint' to check XML markup files
[1.522s] -- Configuring done (1.2s)
[1.522s] -- Generating done (0.0s)
[1.522s] -- Build files have been written to: /home/jackson/ros2_ws/src/build/examples_rclcpp_minimal_action_server
[1.535s] Invoked command in '/home/jackson/ros2_ws/src/build/examples_rclcpp_minimal_action_server' returned '0': CMAKE_PREFIX_PATH=${CMAKE_PREFIX_PATH}:/home/jackson/ros2_ws/install/launch_testing_examples:/home/jackson/ros2_ws/install/examples_rclpy_pointcloud_publisher:/home/jackson/ros2_ws/install/examples_rclpy_minimal_subscriber:/home/jackson/ros2_ws/install/examples_rclpy_minimal_service:/home/jackson/ros2_ws/install/examples_rclpy_minimal_publisher:/home/jackson/ros2_ws/install/examples_rclpy_minimal_client:/home/jackson/ros2_ws/install/examples_rclpy_minimal_action_server:/home/jackson/ros2_ws/install/examples_rclpy_minimal_action_client:/home/jackson/ros2_ws/install/examples_rclpy_guard_conditions:/home/jackson/ros2_ws/install/examples_rclpy_executors:/opt/ros/jazzy DEBUGINFOD_URLS=https://debuginfod.ubuntu.com /usr/bin/cmake /home/jackson/ros2_ws/src/examples/rclcpp/actions/minimal_action_server -DCMAKE_INSTALL_PREFIX=/home/jackson/ros2_ws/src/install/examples_rclcpp_minimal_action_server
[1.536s] Invoking command in '/home/jackson/ros2_ws/src/build/examples_rclcpp_minimal_action_server': CMAKE_PREFIX_PATH=${CMAKE_PREFIX_PATH}:/home/jackson/ros2_ws/install/launch_testing_examples:/home/jackson/ros2_ws/install/examples_rclpy_pointcloud_publisher:/home/jackson/ros2_ws/install/examples_rclpy_minimal_subscriber:/home/jackson/ros2_ws/install/examples_rclpy_minimal_service:/home/jackson/ros2_ws/install/examples_rclpy_minimal_publisher:/home/jackson/ros2_ws/install/examples_rclpy_minimal_client:/home/jackson/ros2_ws/install/examples_rclpy_minimal_action_server:/home/jackson/ros2_ws/install/examples_rclpy_minimal_action_client:/home/jackson/ros2_ws/install/examples_rclpy_guard_conditions:/home/jackson/ros2_ws/install/examples_rclpy_executors:/opt/ros/jazzy DEBUGINFOD_URLS=https://debuginfod.ubuntu.com /usr/bin/cmake --build /home/jackson/ros2_ws/src/build/examples_rclcpp_minimal_action_server -- -j20 -l20
[1.584s] [ 25%] [32mBuilding CXX object CMakeFiles/action_server_not_composable.dir/not_composable.cpp.o[0m
[1.585s] [ 50%] [32mBuilding CXX object CMakeFiles/action_server_member_functions.dir/member_functions.cpp.o[0m
[11.068s] [ 75%] [32m[1mLinking CXX executable action_server_not_composable[0m
[11.273s] [100%] [32m[1mLinking CXX executable action_server_member_functions[0m
[11.502s] [100%] Built target action_server_not_composable
[11.552s] [100%] Built target action_server_member_functions
[11.649s] Invoked command in '/home/jackson/ros2_ws/src/build/examples_rclcpp_minimal_action_server' returned '0': CMAKE_PREFIX_PATH=${CMAKE_PREFIX_PATH}:/home/jackson/ros2_ws/install/launch_testing_examples:/home/jackson/ros2_ws/install/examples_rclpy_pointcloud_publisher:/home/jackson/ros2_ws/install/examples_rclpy_minimal_subscriber:/home/jackson/ros2_ws/install/examples_rclpy_minimal_service:/home/jackson/ros2_ws/install/examples_rclpy_minimal_publisher:/home/jackson/ros2_ws/install/examples_rclpy_minimal_client:/home/jackson/ros2_ws/install/examples_rclpy_minimal_action_server:/home/jackson/ros2_ws/install/examples_rclpy_minimal_action_client:/home/jackson/ros2_ws/install/examples_rclpy_guard_conditions:/home/jackson/ros2_ws/install/examples_rclpy_executors:/opt/ros/jazzy DEBUGINFOD_URLS=https://debuginfod.ubuntu.com /usr/bin/cmake --build /home/jackson/ros2_ws/src/build/examples_rclcpp_minimal_action_server -- -j20 -l20
[11.664s] Invoking command in '/home/jackson/ros2_ws/src/build/examples_rclcpp_minimal_action_server': CMAKE_PREFIX_PATH=${CMAKE_PREFIX_PATH}:/home/jackson/ros2_ws/install/launch_testing_examples:/home/jackson/ros2_ws/install/examples_rclpy_pointcloud_publisher:/home/jackson/ros2_ws/install/examples_rclpy_minimal_subscriber:/home/jackson/ros2_ws/install/examples_rclpy_minimal_service:/home/jackson/ros2_ws/install/examples_rclpy_minimal_publisher:/home/jackson/ros2_ws/install/examples_rclpy_minimal_client:/home/jackson/ros2_ws/install/examples_rclpy_minimal_action_server:/home/jackson/ros2_ws/install/examples_rclpy_minimal_action_client:/home/jackson/ros2_ws/install/examples_rclpy_guard_conditions:/home/jackson/ros2_ws/install/examples_rclpy_executors:/opt/ros/jazzy DEBUGINFOD_URLS=https://debuginfod.ubuntu.com /usr/bin/cmake --install /home/jackson/ros2_ws/src/build/examples_rclcpp_minimal_action_server
[11.793s] -- Install configuration: ""
[11.793s] -- Installing: /home/jackson/ros2_ws/src/install/examples_rclcpp_minimal_action_server/lib/examples_rclcpp_minimal_action_server/action_server_not_composable
[11.793s] -- Set non-toolchain portion of runtime path of "/home/jackson/ros2_ws/src/install/examples_rclcpp_minimal_action_server/lib/examples_rclcpp_minimal_action_server/action_server_not_composable" to ""
[11.793s] -- Installing: /home/jackson/ros2_ws/src/install/examples_rclcpp_minimal_action_server/lib/examples_rclcpp_minimal_action_server/action_server_member_functions
[11.793s] -- Set non-toolchain portion of runtime path of "/home/jackson/ros2_ws/src/install/examples_rclcpp_minimal_action_server/lib/examples_rclcpp_minimal_action_server/action_server_member_functions" to ""
[11.793s] -- Installing: /home/jackson/ros2_ws/src/install/examples_rclcpp_minimal_action_server/share/ament_index/resource_index/package_run_dependencies/examples_rclcpp_minimal_action_server
[11.793s] -- Installing: /home/jackson/ros2_ws/src/install/examples_rclcpp_minimal_action_server/share/ament_index/resource_index/parent_prefix_path/examples_rclcpp_minimal_action_server
[11.793s] -- Installing: /home/jackson/ros2_ws/src/install/examples_rclcpp_minimal_action_server/share/examples_rclcpp_minimal_action_server/environment/ament_prefix_path.sh
[11.794s] -- Installing: /home/jackson/ros2_ws/src/install/examples_rclcpp_minimal_action_server/share/examples_rclcpp_minimal_action_server/environment/ament_prefix_path.dsv
[11.794s] -- Installing: /home/jackson/ros2_ws/src/install/examples_rclcpp_minimal_action_server/share/examples_rclcpp_minimal_action_server/environment/path.sh
[11.794s] -- Installing: /home/jackson/ros2_ws/src/install/examples_rclcpp_minimal_action_server/share/examples_rclcpp_minimal_action_server/environment/path.dsv
[11.794s] -- Installing: /home/jackson/ros2_ws/src/install/examples_rclcpp_minimal_action_server/share/examples_rclcpp_minimal_action_server/local_setup.bash
[11.794s] -- Installing: /home/jackson/ros2_ws/src/install/examples_rclcpp_minimal_action_server/share/examples_rclcpp_minimal_action_server/local_setup.sh
[11.794s] -- Installing: /home/jackson/ros2_ws/src/install/examples_rclcpp_minimal_action_server/share/examples_rclcpp_minimal_action_server/local_setup.zsh
[11.794s] -- Installing: /home/jackson/ros2_ws/src/install/examples_rclcpp_minimal_action_server/share/examples_rclcpp_minimal_action_server/local_setup.dsv
[11.794s] -- Installing: /home/jackson/ros2_ws/src/install/examples_rclcpp_minimal_action_server/share/examples_rclcpp_minimal_action_server/package.dsv
[11.794s] -- Installing: /home/jackson/ros2_ws/src/install/examples_rclcpp_minimal_action_server/share/ament_index/resource_index/packages/examples_rclcpp_minimal_action_server
[11.794s] -- Installing: /home/jackson/ros2_ws/src/install/examples_rclcpp_minimal_action_server/share/examples_rclcpp_minimal_action_server/cmake/examples_rclcpp_minimal_action_serverConfig.cmake
[11.794s] -- Installing: /home/jackson/ros2_ws/src/install/examples_rclcpp_minimal_action_server/share/examples_rclcpp_minimal_action_server/cmake/examples_rclcpp_minimal_action_serverConfig-version.cmake
[11.795s] -- Installing: /home/jackson/ros2_ws/src/install/examples_rclcpp_minimal_action_server/share/examples_rclcpp_minimal_action_server/package.xml
[12.797s] Invoked command in '/home/jackson/ros2_ws/src/build/examples_rclcpp_minimal_action_server' returned '0': CMAKE_PREFIX_PATH=${CMAKE_PREFIX_PATH}:/home/jackson/ros2_ws/install/launch_testing_examples:/home/jackson/ros2_ws/install/examples_rclpy_pointcloud_publisher:/home/jackson/ros2_ws/install/examples_rclpy_minimal_subscriber:/home/jackson/ros2_ws/install/examples_rclpy_minimal_service:/home/jackson/ros2_ws/install/examples_rclpy_minimal_publisher:/home/jackson/ros2_ws/install/examples_rclpy_minimal_client:/home/jackson/ros2_ws/install/examples_rclpy_minimal_action_server:/home/jackson/ros2_ws/install/examples_rclpy_minimal_action_client:/home/jackson/ros2_ws/install/examples_rclpy_guard_conditions:/home/jackson/ros2_ws/install/examples_rclpy_executors:/opt/ros/jazzy DEBUGINFOD_URLS=https://debuginfod.ubuntu.com /usr/bin/cmake --install /home/jackson/ros2_ws/src/build/examples_rclcpp_minimal_action_server
